[2020-12-08 02:14:56.964] [exthost] [info] extension host started
[2020-12-08 02:14:57.193] [exthost] [info] ExtensionService#_doActivateExtension ms-vscode.cpptools {"startup":false,"extensionId":{"value":"ms-vscode.cpptools","_lower":"ms-vscode.cpptools"},"activationEvent":"onLanguage:c"}
[2020-12-08 02:14:57.195] [exthost] [info] ExtensionService#loadCommonJSModule file:///root/.vscode-server/extensions/ms-vscode.cpptools-1.1.3/dist/main
[2020-12-08 02:14:57.576] [exthost] [info] ExtensionService#_doActivateExtension vscode.debug-auto-launch {"startup":true,"extensionId":{"value":"vscode.debug-auto-launch","_lower":"vscode.debug-auto-launch"},"activationEvent":"*"}
[2020-12-08 02:14:57.576] [exthost] [info] ExtensionService#loadCommonJSModule file:///root/.vscode-server/bin/e5a624b788d92b8d34d1392e4c4d9789406efe8f/extensions/debug-auto-launch/dist/extension
[2020-12-08 02:14:57.587] [exthost] [info] ExtensionService#_doActivateExtension vscode.emmet {"startup":true,"extensionId":{"value":"vscode.emmet","_lower":"vscode.emmet"},"activationEvent":"*"}
[2020-12-08 02:14:57.588] [exthost] [info] ExtensionService#loadCommonJSModule file:///root/.vscode-server/bin/e5a624b788d92b8d34d1392e4c4d9789406efe8f/extensions/emmet/dist/node/emmetNodeMain
[2020-12-08 02:14:57.635] [exthost] [info] ExtensionService#_doActivateExtension vscode.git {"startup":true,"extensionId":{"value":"vscode.github","_lower":"vscode.github"},"activationEvent":"*"}
[2020-12-08 02:14:57.635] [exthost] [info] ExtensionService#loadCommonJSModule file:///root/.vscode-server/bin/e5a624b788d92b8d34d1392e4c4d9789406efe8f/extensions/git/dist/main
[2020-12-08 02:14:57.809] [exthost] [info] ExtensionService#_doActivateExtension vscode.merge-conflict {"startup":true,"extensionId":{"value":"vscode.merge-conflict","_lower":"vscode.merge-conflict"},"activationEvent":"*"}
[2020-12-08 02:14:57.809] [exthost] [info] ExtensionService#loadCommonJSModule file:///root/.vscode-server/bin/e5a624b788d92b8d34d1392e4c4d9789406efe8f/extensions/merge-conflict/dist/mergeConflictMain
[2020-12-08 02:14:57.815] [exthost] [info] ExtensionService#_doActivateExtension vscode.search-result {"startup":true,"extensionId":{"value":"vscode.search-result","_lower":"vscode.search-result"},"activationEvent":"*"}
[2020-12-08 02:14:57.816] [exthost] [info] ExtensionService#loadCommonJSModule file:///root/.vscode-server/bin/e5a624b788d92b8d34d1392e4c4d9789406efe8f/extensions/search-result/dist/extension.js
[2020-12-08 02:14:58.049] [exthost] [info] ExtensionService#_doActivateExtension vscode.github {"startup":true,"extensionId":{"value":"vscode.github","_lower":"vscode.github"},"activationEvent":"*"}
[2020-12-08 02:14:58.049] [exthost] [info] ExtensionService#loadCommonJSModule file:///root/.vscode-server/bin/e5a624b788d92b8d34d1392e4c4d9789406efe8f/extensions/github/dist/extension.js
[2020-12-08 02:14:58.324] [exthost] [info] eager extensions activated
[2020-12-08 02:14:58.404] [exthost] [info] ExtensionService#_doActivateExtension ms-vscode.js-debug {"startup":false,"extensionId":{"value":"ms-vscode.js-debug","_lower":"ms-vscode.js-debug"},"activationEvent":"onCommand:extension.js-debug.clearAutoAttachVariables"}
[2020-12-08 02:14:58.404] [exthost] [info] ExtensionService#loadCommonJSModule file:///root/.vscode-server/bin/e5a624b788d92b8d34d1392e4c4d9789406efe8f/extensions/ms-vscode.js-debug/src/extension.js
[2020-12-08 02:14:59.961] [exthost] [error] {"message":"Git error","stdout":"","stderr":"fatal: Pathspec '/root/heartbleed-masstest/ssltest.py' is in submodule 'heartbleed-masstest'\n","exitCode":128,"gitErrorCode":"IsInSubmodule"}
[2020-12-08 02:14:59.961] [exthost] [error] {"message":"Git error","stdout":"","stderr":"fatal: Pathspec '/root/heartbleed-masstest/ssltest.py' is in submodule 'heartbleed-masstest'\n","exitCode":128,"gitErrorCode":"IsInSubmodule"}
[2020-12-08 02:14:59.961] [exthost] [error] {"message":"Git error","stdout":"","stderr":"fatal: Pathspec '/root/heartbleed-masstest/ssltest.py' is in submodule 'heartbleed-masstest'\n","exitCode":128,"gitErrorCode":"IsInSubmodule"}
[2020-12-08 02:14:59.961] [exthost] [error] {"message":"Git error","stdout":"","stderr":"fatal: Pathspec '/root/heartbleed-masstest/ssltest.py' is in submodule 'heartbleed-masstest'\n","exitCode":128,"gitErrorCode":"IsInSubmodule"}
[2020-12-08 02:14:59.961] [exthost] [error] {"message":"Git error","stdout":"","stderr":"fatal: Pathspec '/root/heartbleed-masstest/ssltest.py' is in submodule 'heartbleed-masstest'\n","exitCode":128,"gitErrorCode":"IsInSubmodule"}
[2020-12-08 02:14:59.961] [exthost] [error] {"message":"Git error","stdout":"","stderr":"fatal: Pathspec '/root/heartbleed-masstest/ssltest.py' is in submodule 'heartbleed-masstest'\n","exitCode":128,"gitErrorCode":"IsInSubmodule"}
[2020-12-08 02:14:59.961] [exthost] [error] {"message":"Git error","stdout":"","stderr":"fatal: Pathspec '/root/heartbleed-masstest/ssltest.py' is in submodule 'heartbleed-masstest'\n","exitCode":128,"gitErrorCode":"IsInSubmodule"}
[2020-12-08 02:14:59.961] [exthost] [error] {"message":"Git error","stdout":"","stderr":"fatal: Pathspec '/root/heartbleed-masstest/ssltest.py' is in submodule 'heartbleed-masstest'\n","exitCode":128,"gitErrorCode":"IsInSubmodule"}
[2020-12-08 02:14:59.962] [exthost] [error] {"message":"Git error","stdout":"","stderr":"fatal: Pathspec '/root/heartbleed-masstest/ssltest.py' is in submodule 'heartbleed-masstest'\n","exitCode":128,"gitErrorCode":"IsInSubmodule"}
[2020-12-08 02:14:59.962] [exthost] [error] {"message":"Git error","stdout":"","stderr":"fatal: Pathspec '/root/heartbleed-masstest/ssltest.py' is in submodule 'heartbleed-masstest'\n","exitCode":128,"gitErrorCode":"IsInSubmodule"}
[2020-12-08 02:14:59.962] [exthost] [error] {"message":"Git error","stdout":"","stderr":"fatal: Pathspec '/root/heartbleed-masstest/ssltest.py' is in submodule 'heartbleed-masstest'\n","exitCode":128,"gitErrorCode":"IsInSubmodule"}
[2020-12-08 02:14:59.962] [exthost] [error] {"message":"Git error","stdout":"","stderr":"fatal: Pathspec '/root/heartbleed-masstest/ssltest.py' is in submodule 'heartbleed-masstest'\n","exitCode":128,"gitErrorCode":"IsInSubmodule"}
[2020-12-08 02:14:59.962] [exthost] [error] {"message":"Git error","stdout":"","stderr":"fatal: Pathspec '/root/heartbleed-masstest/ssltest.py' is in submodule 'heartbleed-masstest'\n","exitCode":128,"gitErrorCode":"IsInSubmodule"}
[2020-12-08 02:14:59.962] [exthost] [error] {"message":"Git error","stdout":"","stderr":"fatal: Pathspec '/root/heartbleed-masstest/ssltest.py' is in submodule 'heartbleed-masstest'\n","exitCode":128,"gitErrorCode":"IsInSubmodule"}
[2020-12-08 02:14:59.962] [exthost] [error] {"message":"Git error","stdout":"","stderr":"fatal: Pathspec '/root/heartbleed-masstest/ssltest.py' is in submodule 'heartbleed-masstest'\n","exitCode":128,"gitErrorCode":"IsInSubmodule"}
[2020-12-08 02:14:59.962] [exthost] [error] {"message":"Git error","stdout":"","stderr":"fatal: Pathspec '/root/heartbleed-masstest/ssltest.py' is in submodule 'heartbleed-masstest'\n","exitCode":128,"gitErrorCode":"IsInSubmodule"}
[2020-12-08 02:14:59.962] [exthost] [error] {"message":"Git error","stdout":"","stderr":"fatal: Pathspec '/root/heartbleed-masstest/ssltest.py' is in submodule 'heartbleed-masstest'\n","exitCode":128,"gitErrorCode":"IsInSubmodule"}
[2020-12-08 02:14:59.962] [exthost] [error] {"message":"Git error","stdout":"","stderr":"fatal: Pathspec '/root/heartbleed-masstest/ssltest.py' is in submodule 'heartbleed-masstest'\n","exitCode":128,"gitErrorCode":"IsInSubmodule"}
[2020-12-08 02:14:59.962] [exthost] [error] {"message":"Git error","stdout":"","stderr":"fatal: Pathspec '/root/heartbleed-masstest/ssltest.py' is in submodule 'heartbleed-masstest'\n","exitCode":128,"gitErrorCode":"IsInSubmodule"}
[2020-12-08 02:14:59.962] [exthost] [error] {"message":"Git error","stdout":"","stderr":"fatal: Pathspec '/root/heartbleed-masstest/ssltest.py' is in submodule 'heartbleed-masstest'\n","exitCode":128,"gitErrorCode":"IsInSubmodule"}
[2020-12-08 02:14:59.962] [exthost] [error] {"message":"Git error","stdout":"","stderr":"fatal: Pathspec '/root/heartbleed-masstest/ssltest.py' is in submodule 'heartbleed-masstest'\n","exitCode":128,"gitErrorCode":"IsInSubmodule"}
[2020-12-08 02:14:59.962] [exthost] [error] {"message":"Git error","stdout":"","stderr":"fatal: Pathspec '/root/heartbleed-masstest/ssltest.py' is in submodule 'heartbleed-masstest'\n","exitCode":128,"gitErrorCode":"IsInSubmodule"}
[2020-12-08 02:14:59.962] [exthost] [error] {"message":"Git error","stdout":"","stderr":"fatal: Pathspec '/root/heartbleed-masstest/ssltest.py' is in submodule 'heartbleed-masstest'\n","exitCode":128,"gitErrorCode":"IsInSubmodule"}
[2020-12-08 02:14:59.962] [exthost] [error] {"message":"Git error","stdout":"","stderr":"fatal: Pathspec '/root/heartbleed-masstest/ssltest.py' is in submodule 'heartbleed-masstest'\n","exitCode":128,"gitErrorCode":"IsInSubmodule"}
[2020-12-08 02:14:59.962] [exthost] [error] {"message":"Git error","stdout":"","stderr":"fatal: Pathspec '/root/heartbleed-masstest/ssltest.py' is in submodule 'heartbleed-masstest'\n","exitCode":128,"gitErrorCode":"IsInSubmodule"}
[2020-12-08 02:14:59.962] [exthost] [error] {"message":"Git error","stdout":"","stderr":"fatal: Pathspec '/root/heartbleed-masstest/ssltest.py' is in submodule 'heartbleed-masstest'\n","exitCode":128,"gitErrorCode":"IsInSubmodule"}
[2020-12-08 02:14:59.962] [exthost] [error] {"message":"Git error","stdout":"","stderr":"fatal: Pathspec '/root/heartbleed-masstest/ssltest.py' is in submodule 'heartbleed-masstest'\n","exitCode":128,"gitErrorCode":"IsInSubmodule"}
[2020-12-08 02:14:59.962] [exthost] [error] {"message":"Git error","stdout":"","stderr":"fatal: Pathspec '/root/heartbleed-masstest/ssltest.py' is in submodule 'heartbleed-masstest'\n","exitCode":128,"gitErrorCode":"IsInSubmodule"}
[2020-12-08 02:14:59.962] [exthost] [error] {"message":"Git error","stdout":"","stderr":"fatal: Pathspec '/root/heartbleed-masstest/ssltest.py' is in submodule 'heartbleed-masstest'\n","exitCode":128,"gitErrorCode":"IsInSubmodule"}
[2020-12-08 02:14:59.962] [exthost] [error] {"message":"Git error","stdout":"","stderr":"fatal: Pathspec '/root/heartbleed-masstest/ssltest.py' is in submodule 'heartbleed-masstest'\n","exitCode":128,"gitErrorCode":"IsInSubmodule"}
[2020-12-08 02:14:59.962] [exthost] [error] {"message":"Git error","stdout":"","stderr":"fatal: Pathspec '/root/heartbleed-masstest/ssltest.py' is in submodule 'heartbleed-masstest'\n","exitCode":128,"gitErrorCode":"IsInSubmodule"}
[2020-12-08 02:14:59.962] [exthost] [error] {"message":"Git error","stdout":"","stderr":"fatal: Pathspec '/root/heartbleed-masstest/ssltest.py' is in submodule 'heartbleed-masstest'\n","exitCode":128,"gitErrorCode":"IsInSubmodule"}
[2020-12-08 02:14:59.962] [exthost] [error] {"message":"Git error","stdout":"","stderr":"fatal: Pathspec '/root/heartbleed-masstest/ssltest.py' is in submodule 'heartbleed-masstest'\n","exitCode":128,"gitErrorCode":"IsInSubmodule"}
[2020-12-08 02:14:59.962] [exthost] [error] {"message":"Git error","stdout":"","stderr":"fatal: Pathspec '/root/heartbleed-masstest/ssltest.py' is in submodule 'heartbleed-masstest'\n","exitCode":128,"gitErrorCode":"IsInSubmodule"}
[2020-12-08 02:14:59.962] [exthost] [error] {"message":"Git error","stdout":"","stderr":"fatal: Pathspec '/root/heartbleed-masstest/ssltest.py' is in submodule 'heartbleed-masstest'\n","exitCode":128,"gitErrorCode":"IsInSubmodule"}
[2020-12-08 02:14:59.962] [exthost] [error] {"message":"Git error","stdout":"","stderr":"fatal: Pathspec '/root/heartbleed-masstest/ssltest.py' is in submodule 'heartbleed-masstest'\n","exitCode":128,"gitErrorCode":"IsInSubmodule"}
[2020-12-08 02:14:59.962] [exthost] [error] {"message":"Git error","stdout":"","stderr":"fatal: Pathspec '/root/heartbleed-masstest/ssltest.py' is in submodule 'heartbleed-masstest'\n","exitCode":128,"gitErrorCode":"IsInSubmodule"}
[2020-12-08 02:14:59.962] [exthost] [error] {"message":"Git error","stdout":"","stderr":"fatal: Pathspec '/root/heartbleed-masstest/ssltest.py' is in submodule 'heartbleed-masstest'\n","exitCode":128,"gitErrorCode":"IsInSubmodule"}
[2020-12-08 02:14:59.962] [exthost] [error] {"message":"Git error","stdout":"","stderr":"fatal: Pathspec '/root/heartbleed-masstest/ssltest.py' is in submodule 'heartbleed-masstest'\n","exitCode":128,"gitErrorCode":"IsInSubmodule"}
