[2020-12-09 02:57:35.084] [exthost] [info] extension host started
[2020-12-09 02:57:35.219] [exthost] [info] ExtensionService#_doActivateExtension ms-azuretools.vscode-docker {"startup":false,"extensionId":{"value":"ms-azuretools.vscode-docker","_lower":"ms-azuretools.vscode-docker"},"activationEvent":"onLanguage:dockerfile"}
[2020-12-09 02:57:35.219] [exthost] [info] ExtensionService#loadCommonJSModule file:///root/.vscode-server/extensions/ms-azuretools.vscode-docker-1.8.1/main
[2020-12-09 02:57:36.010] [exthost] [info] ExtensionService#_doActivateExtension vscode.debug-auto-launch {"startup":true,"extensionId":{"value":"vscode.debug-auto-launch","_lower":"vscode.debug-auto-launch"},"activationEvent":"*"}
[2020-12-09 02:57:36.010] [exthost] [info] ExtensionService#loadCommonJSModule file:///root/.vscode-server/bin/e5a624b788d92b8d34d1392e4c4d9789406efe8f/extensions/debug-auto-launch/dist/extension
[2020-12-09 02:57:36.021] [exthost] [info] ExtensionService#_doActivateExtension vscode.emmet {"startup":true,"extensionId":{"value":"vscode.emmet","_lower":"vscode.emmet"},"activationEvent":"*"}
[2020-12-09 02:57:36.021] [exthost] [info] ExtensionService#loadCommonJSModule file:///root/.vscode-server/bin/e5a624b788d92b8d34d1392e4c4d9789406efe8f/extensions/emmet/dist/node/emmetNodeMain
[2020-12-09 02:57:36.115] [exthost] [info] ExtensionService#_doActivateExtension vscode.git {"startup":true,"extensionId":{"value":"vscode.github","_lower":"vscode.github"},"activationEvent":"*"}
[2020-12-09 02:57:36.115] [exthost] [info] ExtensionService#loadCommonJSModule file:///root/.vscode-server/bin/e5a624b788d92b8d34d1392e4c4d9789406efe8f/extensions/git/dist/main
[2020-12-09 02:57:36.210] [exthost] [info] ExtensionService#_doActivateExtension vscode.merge-conflict {"startup":true,"extensionId":{"value":"vscode.merge-conflict","_lower":"vscode.merge-conflict"},"activationEvent":"*"}
[2020-12-09 02:57:36.210] [exthost] [info] ExtensionService#loadCommonJSModule file:///root/.vscode-server/bin/e5a624b788d92b8d34d1392e4c4d9789406efe8f/extensions/merge-conflict/dist/mergeConflictMain
[2020-12-09 02:57:36.228] [exthost] [info] ExtensionService#_doActivateExtension vscode.search-result {"startup":true,"extensionId":{"value":"vscode.search-result","_lower":"vscode.search-result"},"activationEvent":"*"}
[2020-12-09 02:57:36.228] [exthost] [info] ExtensionService#loadCommonJSModule file:///root/.vscode-server/bin/e5a624b788d92b8d34d1392e4c4d9789406efe8f/extensions/search-result/dist/extension.js
[2020-12-09 02:57:36.698] [exthost] [info] ExtensionService#_doActivateExtension vscode.github {"startup":true,"extensionId":{"value":"vscode.github","_lower":"vscode.github"},"activationEvent":"*"}
[2020-12-09 02:57:36.698] [exthost] [info] ExtensionService#loadCommonJSModule file:///root/.vscode-server/bin/e5a624b788d92b8d34d1392e4c4d9789406efe8f/extensions/github/dist/extension.js
[2020-12-09 02:57:36.921] [exthost] [info] ExtensionService#_doActivateExtension ms-vscode.js-debug {"startup":false,"extensionId":{"value":"ms-vscode.js-debug","_lower":"ms-vscode.js-debug"},"activationEvent":"onCommand:extension.js-debug.clearAutoAttachVariables"}
[2020-12-09 02:57:36.921] [exthost] [info] ExtensionService#loadCommonJSModule file:///root/.vscode-server/bin/e5a624b788d92b8d34d1392e4c4d9789406efe8f/extensions/ms-vscode.js-debug/src/extension.js
[2020-12-09 02:57:37.207] [exthost] [info] eager extensions activated
[2020-12-09 05:38:04.157] [exthost] [info] ExtensionService#_doActivateExtension vscode.html-language-features {"startup":false,"extensionId":{"value":"vscode.html-language-features","_lower":"vscode.html-language-features"},"activationEvent":"onLanguage:html"}
[2020-12-09 05:38:04.158] [exthost] [info] ExtensionService#loadCommonJSModule file:///root/.vscode-server/bin/e5a624b788d92b8d34d1392e4c4d9789406efe8f/extensions/html-language-features/client/dist/node/htmlClientMain
[2020-12-09 05:38:16.930] [exthost] [info] ExtensionService#_doActivateExtension ms-vscode.cpptools {"startup":false,"extensionId":{"value":"ms-vscode.cpptools","_lower":"ms-vscode.cpptools"},"activationEvent":"onLanguage:c"}
[2020-12-09 05:38:16.930] [exthost] [info] ExtensionService#loadCommonJSModule file:///root/.vscode-server/extensions/ms-vscode.cpptools-1.1.3/dist/main
[2020-12-09 05:42:43.022] [exthost] [error] {"message":"Git error","stdout":"","stderr":"fatal: Pathspec '/root/criu/.github' is in submodule 'criu'\n","exitCode":128,"gitErrorCode":"IsInSubmodule"}
[2020-12-09 05:42:43.022] [exthost] [error] {"message":"Git error","stdout":"","stderr":"fatal: Pathspec '/root/criu/.github' is in submodule 'criu'\n","exitCode":128,"gitErrorCode":"IsInSubmodule"}
[2020-12-09 05:42:43.022] [exthost] [error] {"message":"Git error","stdout":"","stderr":"fatal: Pathspec '/root/criu/.github' is in submodule 'criu'\n","exitCode":128,"gitErrorCode":"IsInSubmodule"}
[2020-12-09 05:42:43.022] [exthost] [error] {"message":"Git error","stdout":"","stderr":"fatal: Pathspec '/root/criu/.github' is in submodule 'criu'\n","exitCode":128,"gitErrorCode":"IsInSubmodule"}
[2020-12-09 05:42:43.022] [exthost] [error] {"message":"Git error","stdout":"","stderr":"fatal: Pathspec '/root/criu/.github' is in submodule 'criu'\n","exitCode":128,"gitErrorCode":"IsInSubmodule"}
[2020-12-09 05:42:43.022] [exthost] [error] {"message":"Git error","stdout":"","stderr":"fatal: Pathspec '/root/criu/.github' is in submodule 'criu'\n","exitCode":128,"gitErrorCode":"IsInSubmodule"}
[2020-12-09 05:42:43.022] [exthost] [error] {"message":"Git error","stdout":"","stderr":"fatal: Pathspec '/root/criu/.github' is in submodule 'criu'\n","exitCode":128,"gitErrorCode":"IsInSubmodule"}
[2020-12-09 05:42:43.023] [exthost] [error] {"message":"Git error","stdout":"","stderr":"fatal: Pathspec '/root/criu/.github' is in submodule 'criu'\n","exitCode":128,"gitErrorCode":"IsInSubmodule"}
[2020-12-09 05:42:43.023] [exthost] [error] {"message":"Git error","stdout":"","stderr":"fatal: Pathspec '/root/criu/.github' is in submodule 'criu'\n","exitCode":128,"gitErrorCode":"IsInSubmodule"}
[2020-12-09 05:42:43.023] [exthost] [error] {"message":"Git error","stdout":"","stderr":"fatal: Pathspec '/root/criu/.github' is in submodule 'criu'\n","exitCode":128,"gitErrorCode":"IsInSubmodule"}
[2020-12-09 05:42:43.023] [exthost] [error] {"message":"Git error","stdout":"","stderr":"fatal: Pathspec '/root/criu/.github' is in submodule 'criu'\n","exitCode":128,"gitErrorCode":"IsInSubmodule"}
[2020-12-09 05:42:43.023] [exthost] [error] {"message":"Git error","stdout":"","stderr":"fatal: Pathspec '/root/criu/.github' is in submodule 'criu'\n","exitCode":128,"gitErrorCode":"IsInSubmodule"}
[2020-12-09 05:42:43.023] [exthost] [error] {"message":"Git error","stdout":"","stderr":"fatal: Pathspec '/root/criu/.github' is in submodule 'criu'\n","exitCode":128,"gitErrorCode":"IsInSubmodule"}
[2020-12-09 05:42:43.023] [exthost] [error] {"message":"Git error","stdout":"","stderr":"fatal: Pathspec '/root/criu/.github' is in submodule 'criu'\n","exitCode":128,"gitErrorCode":"IsInSubmodule"}
[2020-12-09 05:42:43.023] [exthost] [error] {"message":"Git error","stdout":"","stderr":"fatal: Pathspec '/root/criu/.github' is in submodule 'criu'\n","exitCode":128,"gitErrorCode":"IsInSubmodule"}
[2020-12-09 05:42:43.023] [exthost] [error] {"message":"Git error","stdout":"","stderr":"fatal: Pathspec '/root/criu/.github' is in submodule 'criu'\n","exitCode":128,"gitErrorCode":"IsInSubmodule"}
[2020-12-09 05:42:43.023] [exthost] [error] {"message":"Git error","stdout":"","stderr":"fatal: Pathspec '/root/criu/.github' is in submodule 'criu'\n","exitCode":128,"gitErrorCode":"IsInSubmodule"}
[2020-12-09 05:42:43.023] [exthost] [error] {"message":"Git error","stdout":"","stderr":"fatal: Pathspec '/root/criu/.github' is in submodule 'criu'\n","exitCode":128,"gitErrorCode":"IsInSubmodule"}
[2020-12-09 05:42:43.023] [exthost] [error] {"message":"Git error","stdout":"","stderr":"fatal: Pathspec '/root/criu/.github' is in submodule 'criu'\n","exitCode":128,"gitErrorCode":"IsInSubmodule"}
[2020-12-09 05:42:43.023] [exthost] [error] {"message":"Git error","stdout":"","stderr":"fatal: Pathspec '/root/criu/.github' is in submodule 'criu'\n","exitCode":128,"gitErrorCode":"IsInSubmodule"}
[2020-12-09 05:42:43.023] [exthost] [error] {"message":"Git error","stdout":"","stderr":"fatal: Pathspec '/root/criu/.github' is in submodule 'criu'\n","exitCode":128,"gitErrorCode":"IsInSubmodule"}
[2020-12-09 05:42:43.023] [exthost] [error] {"message":"Git error","stdout":"","stderr":"fatal: Pathspec '/root/criu/.github' is in submodule 'criu'\n","exitCode":128,"gitErrorCode":"IsInSubmodule"}
[2020-12-09 05:42:43.023] [exthost] [error] {"message":"Git error","stdout":"","stderr":"fatal: Pathspec '/root/criu/.github' is in submodule 'criu'\n","exitCode":128,"gitErrorCode":"IsInSubmodule"}
[2020-12-09 05:42:43.023] [exthost] [error] {"message":"Git error","stdout":"","stderr":"fatal: Pathspec '/root/criu/.github' is in submodule 'criu'\n","exitCode":128,"gitErrorCode":"IsInSubmodule"}
[2020-12-09 05:42:43.024] [exthost] [error] {"message":"Git error","stdout":"","stderr":"fatal: Pathspec '/root/criu/.github' is in submodule 'criu'\n","exitCode":128,"gitErrorCode":"IsInSubmodule"}
[2020-12-09 05:42:43.024] [exthost] [error] {"message":"Git error","stdout":"","stderr":"fatal: Pathspec '/root/criu/.github' is in submodule 'criu'\n","exitCode":128,"gitErrorCode":"IsInSubmodule"}
[2020-12-09 05:42:43.024] [exthost] [error] {"message":"Git error","stdout":"","stderr":"fatal: Pathspec '/root/criu/.github' is in submodule 'criu'\n","exitCode":128,"gitErrorCode":"IsInSubmodule"}
[2020-12-09 05:42:43.024] [exthost] [error] {"message":"Git error","stdout":"","stderr":"fatal: Pathspec '/root/criu/.github' is in submodule 'criu'\n","exitCode":128,"gitErrorCode":"IsInSubmodule"}
[2020-12-09 05:42:43.024] [exthost] [error] {"message":"Git error","stdout":"","stderr":"fatal: Pathspec '/root/criu/.github' is in submodule 'criu'\n","exitCode":128,"gitErrorCode":"IsInSubmodule"}
[2020-12-09 05:42:53.287] [exthost] [error] {"message":"Git error","stdout":"","stderr":"fatal: Pathspec '/root/heartbleed-masstest/get-pip.py' is in submodule 'heartbleed-masstest'\n","exitCode":128,"gitErrorCode":"IsInSubmodule"}
[2020-12-09 05:42:53.287] [exthost] [error] {"message":"Git error","stdout":"","stderr":"fatal: Pathspec '/root/heartbleed-masstest/get-pip.py' is in submodule 'heartbleed-masstest'\n","exitCode":128,"gitErrorCode":"IsInSubmodule"}
[2020-12-09 05:42:53.287] [exthost] [error] {"message":"Git error","stdout":"","stderr":"fatal: Pathspec '/root/heartbleed-masstest/get-pip.py' is in submodule 'heartbleed-masstest'\n","exitCode":128,"gitErrorCode":"IsInSubmodule"}
[2020-12-09 05:42:53.287] [exthost] [error] {"message":"Git error","stdout":"","stderr":"fatal: Pathspec '/root/heartbleed-masstest/get-pip.py' is in submodule 'heartbleed-masstest'\n","exitCode":128,"gitErrorCode":"IsInSubmodule"}
[2020-12-09 05:42:53.287] [exthost] [error] {"message":"Git error","stdout":"","stderr":"fatal: Pathspec '/root/heartbleed-masstest/get-pip.py' is in submodule 'heartbleed-masstest'\n","exitCode":128,"gitErrorCode":"IsInSubmodule"}
[2020-12-09 05:42:53.287] [exthost] [error] {"message":"Git error","stdout":"","stderr":"fatal: Pathspec '/root/heartbleed-masstest/get-pip.py' is in submodule 'heartbleed-masstest'\n","exitCode":128,"gitErrorCode":"IsInSubmodule"}
[2020-12-09 05:45:58.251] [exthost] [error] {"message":"Git error","stdout":"","stderr":"fatal: Pathspec '/root/criu/.github' is in submodule 'criu'\n","exitCode":128,"gitErrorCode":"IsInSubmodule"}
[2020-12-09 05:45:58.251] [exthost] [error] {"message":"Git error","stdout":"","stderr":"fatal: Pathspec '/root/criu/.github' is in submodule 'criu'\n","exitCode":128,"gitErrorCode":"IsInSubmodule"}
[2020-12-09 05:45:58.251] [exthost] [error] {"message":"Git error","stdout":"","stderr":"fatal: Pathspec '/root/criu/.github' is in submodule 'criu'\n","exitCode":128,"gitErrorCode":"IsInSubmodule"}
[2020-12-09 05:45:58.251] [exthost] [error] {"message":"Git error","stdout":"","stderr":"fatal: Pathspec '/root/criu/.github' is in submodule 'criu'\n","exitCode":128,"gitErrorCode":"IsInSubmodule"}
[2020-12-09 05:45:58.251] [exthost] [error] {"message":"Git error","stdout":"","stderr":"fatal: Pathspec '/root/criu/.github' is in submodule 'criu'\n","exitCode":128,"gitErrorCode":"IsInSubmodule"}
[2020-12-09 05:45:58.251] [exthost] [error] {"message":"Git error","stdout":"","stderr":"fatal: Pathspec '/root/criu/.github' is in submodule 'criu'\n","exitCode":128,"gitErrorCode":"IsInSubmodule"}
[2020-12-09 05:45:58.251] [exthost] [error] {"message":"Git error","stdout":"","stderr":"fatal: Pathspec '/root/criu/.github' is in submodule 'criu'\n","exitCode":128,"gitErrorCode":"IsInSubmodule"}
[2020-12-09 05:45:58.251] [exthost] [error] {"message":"Git error","stdout":"","stderr":"fatal: Pathspec '/root/criu/.github' is in submodule 'criu'\n","exitCode":128,"gitErrorCode":"IsInSubmodule"}
[2020-12-09 05:45:58.251] [exthost] [error] {"message":"Git error","stdout":"","stderr":"fatal: Pathspec '/root/criu/.github' is in submodule 'criu'\n","exitCode":128,"gitErrorCode":"IsInSubmodule"}
[2020-12-09 05:45:58.251] [exthost] [error] {"message":"Git error","stdout":"","stderr":"fatal: Pathspec '/root/criu/.github' is in submodule 'criu'\n","exitCode":128,"gitErrorCode":"IsInSubmodule"}
[2020-12-09 05:45:58.251] [exthost] [error] {"message":"Git error","stdout":"","stderr":"fatal: Pathspec '/root/criu/.github' is in submodule 'criu'\n","exitCode":128,"gitErrorCode":"IsInSubmodule"}
[2020-12-09 05:45:58.251] [exthost] [error] {"message":"Git error","stdout":"","stderr":"fatal: Pathspec '/root/criu/.github' is in submodule 'criu'\n","exitCode":128,"gitErrorCode":"IsInSubmodule"}
[2020-12-09 05:45:58.251] [exthost] [error] {"message":"Git error","stdout":"","stderr":"fatal: Pathspec '/root/criu/.github' is in submodule 'criu'\n","exitCode":128,"gitErrorCode":"IsInSubmodule"}
[2020-12-09 05:45:58.251] [exthost] [error] {"message":"Git error","stdout":"","stderr":"fatal: Pathspec '/root/criu/.github' is in submodule 'criu'\n","exitCode":128,"gitErrorCode":"IsInSubmodule"}
[2020-12-09 05:45:58.251] [exthost] [error] {"message":"Git error","stdout":"","stderr":"fatal: Pathspec '/root/criu/.github' is in submodule 'criu'\n","exitCode":128,"gitErrorCode":"IsInSubmodule"}
[2020-12-09 05:45:58.251] [exthost] [error] {"message":"Git error","stdout":"","stderr":"fatal: Pathspec '/root/criu/.github' is in submodule 'criu'\n","exitCode":128,"gitErrorCode":"IsInSubmodule"}
[2020-12-09 05:45:58.251] [exthost] [error] {"message":"Git error","stdout":"","stderr":"fatal: Pathspec '/root/criu/.github' is in submodule 'criu'\n","exitCode":128,"gitErrorCode":"IsInSubmodule"}
[2020-12-09 05:45:58.251] [exthost] [error] {"message":"Git error","stdout":"","stderr":"fatal: Pathspec '/root/criu/.github' is in submodule 'criu'\n","exitCode":128,"gitErrorCode":"IsInSubmodule"}
[2020-12-09 05:45:58.251] [exthost] [error] {"message":"Git error","stdout":"","stderr":"fatal: Pathspec '/root/criu/.github' is in submodule 'criu'\n","exitCode":128,"gitErrorCode":"IsInSubmodule"}
[2020-12-09 05:45:58.251] [exthost] [error] {"message":"Git error","stdout":"","stderr":"fatal: Pathspec '/root/criu/.github' is in submodule 'criu'\n","exitCode":128,"gitErrorCode":"IsInSubmodule"}
[2020-12-09 05:45:58.251] [exthost] [error] {"message":"Git error","stdout":"","stderr":"fatal: Pathspec '/root/criu/.github' is in submodule 'criu'\n","exitCode":128,"gitErrorCode":"IsInSubmodule"}
[2020-12-09 05:45:58.251] [exthost] [error] {"message":"Git error","stdout":"","stderr":"fatal: Pathspec '/root/criu/.github' is in submodule 'criu'\n","exitCode":128,"gitErrorCode":"IsInSubmodule"}
[2020-12-09 05:45:58.251] [exthost] [error] {"message":"Git error","stdout":"","stderr":"fatal: Pathspec '/root/criu/.github' is in submodule 'criu'\n","exitCode":128,"gitErrorCode":"IsInSubmodule"}
[2020-12-09 05:45:58.251] [exthost] [error] {"message":"Git error","stdout":"","stderr":"fatal: Pathspec '/root/criu/.github' is in submodule 'criu'\n","exitCode":128,"gitErrorCode":"IsInSubmodule"}
[2020-12-09 05:45:58.251] [exthost] [error] {"message":"Git error","stdout":"","stderr":"fatal: Pathspec '/root/criu/.github' is in submodule 'criu'\n","exitCode":128,"gitErrorCode":"IsInSubmodule"}
[2020-12-09 05:45:58.252] [exthost] [error] {"message":"Git error","stdout":"","stderr":"fatal: Pathspec '/root/criu/.github' is in submodule 'criu'\n","exitCode":128,"gitErrorCode":"IsInSubmodule"}
[2020-12-09 05:45:58.252] [exthost] [error] {"message":"Git error","stdout":"","stderr":"fatal: Pathspec '/root/criu/.github' is in submodule 'criu'\n","exitCode":128,"gitErrorCode":"IsInSubmodule"}
[2020-12-09 05:45:58.252] [exthost] [error] {"message":"Git error","stdout":"","stderr":"fatal: Pathspec '/root/criu/.github' is in submodule 'criu'\n","exitCode":128,"gitErrorCode":"IsInSubmodule"}
[2020-12-09 05:45:58.252] [exthost] [error] {"message":"Git error","stdout":"","stderr":"fatal: Pathspec '/root/criu/.github' is in submodule 'criu'\n","exitCode":128,"gitErrorCode":"IsInSubmodule"}
[2020-12-09 05:45:58.252] [exthost] [error] {"message":"Git error","stdout":"","stderr":"fatal: Pathspec '/root/criu/.github' is in submodule 'criu'\n","exitCode":128,"gitErrorCode":"IsInSubmodule"}
[2020-12-09 05:45:58.252] [exthost] [error] {"message":"Git error","stdout":"","stderr":"fatal: Pathspec '/root/criu/.github' is in submodule 'criu'\n","exitCode":128,"gitErrorCode":"IsInSubmodule"}
[2020-12-09 05:45:58.252] [exthost] [error] {"message":"Git error","stdout":"","stderr":"fatal: Pathspec '/root/criu/.github' is in submodule 'criu'\n","exitCode":128,"gitErrorCode":"IsInSubmodule"}
[2020-12-09 05:45:58.252] [exthost] [error] {"message":"Git error","stdout":"","stderr":"fatal: Pathspec '/root/criu/.github' is in submodule 'criu'\n","exitCode":128,"gitErrorCode":"IsInSubmodule"}
[2020-12-09 05:45:58.252] [exthost] [error] {"message":"Git error","stdout":"","stderr":"fatal: Pathspec '/root/criu/.github' is in submodule 'criu'\n","exitCode":128,"gitErrorCode":"IsInSubmodule"}
[2020-12-09 05:45:58.252] [exthost] [error] {"message":"Git error","stdout":"","stderr":"fatal: Pathspec '/root/criu/.github' is in submodule 'criu'\n","exitCode":128,"gitErrorCode":"IsInSubmodule"}
[2020-12-09 05:45:58.252] [exthost] [error] {"message":"Git error","stdout":"","stderr":"fatal: Pathspec '/root/criu/.github' is in submodule 'criu'\n","exitCode":128,"gitErrorCode":"IsInSubmodule"}
[2020-12-09 05:45:58.252] [exthost] [error] {"message":"Git error","stdout":"","stderr":"fatal: Pathspec '/root/criu/.github' is in submodule 'criu'\n","exitCode":128,"gitErrorCode":"IsInSubmodule"}
[2020-12-09 05:45:58.252] [exthost] [error] {"message":"Git error","stdout":"","stderr":"fatal: Pathspec '/root/criu/.github' is in submodule 'criu'\n","exitCode":128,"gitErrorCode":"IsInSubmodule"}
[2020-12-09 05:45:58.252] [exthost] [error] {"message":"Git error","stdout":"","stderr":"fatal: Pathspec '/root/criu/.github' is in submodule 'criu'\n","exitCode":128,"gitErrorCode":"IsInSubmodule"}
[2020-12-09 05:45:58.252] [exthost] [error] {"message":"Git error","stdout":"","stderr":"fatal: Pathspec '/root/criu/.github' is in submodule 'criu'\n","exitCode":128,"gitErrorCode":"IsInSubmodule"}
[2020-12-09 05:45:58.252] [exthost] [error] {"message":"Git error","stdout":"","stderr":"fatal: Pathspec '/root/criu/.github' is in submodule 'criu'\n","exitCode":128,"gitErrorCode":"IsInSubmodule"}
[2020-12-09 05:47:31.783] [exthost] [error] {"message":"Git error","stdout":"","stderr":"fatal: Pathspec '/root/criu/.github' is in submodule 'criu'\n","exitCode":128,"gitErrorCode":"IsInSubmodule"}
[2020-12-09 05:47:31.783] [exthost] [error] {"message":"Git error","stdout":"","stderr":"fatal: Pathspec '/root/criu/.github' is in submodule 'criu'\n","exitCode":128,"gitErrorCode":"IsInSubmodule"}
[2020-12-09 05:47:31.783] [exthost] [error] {"message":"Git error","stdout":"","stderr":"fatal: Pathspec '/root/criu/.github' is in submodule 'criu'\n","exitCode":128,"gitErrorCode":"IsInSubmodule"}
[2020-12-09 05:47:31.783] [exthost] [error] {"message":"Git error","stdout":"","stderr":"fatal: Pathspec '/root/criu/.github' is in submodule 'criu'\n","exitCode":128,"gitErrorCode":"IsInSubmodule"}
[2020-12-09 05:47:31.783] [exthost] [error] {"message":"Git error","stdout":"","stderr":"fatal: Pathspec '/root/criu/.github' is in submodule 'criu'\n","exitCode":128,"gitErrorCode":"IsInSubmodule"}
[2020-12-09 05:47:31.783] [exthost] [error] {"message":"Git error","stdout":"","stderr":"fatal: Pathspec '/root/criu/.github' is in submodule 'criu'\n","exitCode":128,"gitErrorCode":"IsInSubmodule"}
[2020-12-09 05:47:31.783] [exthost] [error] {"message":"Git error","stdout":"","stderr":"fatal: Pathspec '/root/criu/.github' is in submodule 'criu'\n","exitCode":128,"gitErrorCode":"IsInSubmodule"}
[2020-12-09 05:47:31.783] [exthost] [error] {"message":"Git error","stdout":"","stderr":"fatal: Pathspec '/root/criu/.github' is in submodule 'criu'\n","exitCode":128,"gitErrorCode":"IsInSubmodule"}
[2020-12-09 05:47:31.783] [exthost] [error] {"message":"Git error","stdout":"","stderr":"fatal: Pathspec '/root/criu/.github' is in submodule 'criu'\n","exitCode":128,"gitErrorCode":"IsInSubmodule"}
[2020-12-09 05:47:31.783] [exthost] [error] {"message":"Git error","stdout":"","stderr":"fatal: Pathspec '/root/criu/.github' is in submodule 'criu'\n","exitCode":128,"gitErrorCode":"IsInSubmodule"}
[2020-12-09 05:47:31.783] [exthost] [error] {"message":"Git error","stdout":"","stderr":"fatal: Pathspec '/root/criu/.github' is in submodule 'criu'\n","exitCode":128,"gitErrorCode":"IsInSubmodule"}
[2020-12-09 05:47:31.783] [exthost] [error] {"message":"Git error","stdout":"","stderr":"fatal: Pathspec '/root/criu/.github' is in submodule 'criu'\n","exitCode":128,"gitErrorCode":"IsInSubmodule"}
[2020-12-09 05:47:31.783] [exthost] [error] {"message":"Git error","stdout":"","stderr":"fatal: Pathspec '/root/criu/.github' is in submodule 'criu'\n","exitCode":128,"gitErrorCode":"IsInSubmodule"}
[2020-12-09 05:47:31.783] [exthost] [error] {"message":"Git error","stdout":"","stderr":"fatal: Pathspec '/root/criu/.github' is in submodule 'criu'\n","exitCode":128,"gitErrorCode":"IsInSubmodule"}
[2020-12-09 05:47:31.783] [exthost] [error] {"message":"Git error","stdout":"","stderr":"fatal: Pathspec '/root/criu/.github' is in submodule 'criu'\n","exitCode":128,"gitErrorCode":"IsInSubmodule"}
[2020-12-09 05:47:31.783] [exthost] [error] {"message":"Git error","stdout":"","stderr":"fatal: Pathspec '/root/criu/.github' is in submodule 'criu'\n","exitCode":128,"gitErrorCode":"IsInSubmodule"}
[2020-12-09 05:47:31.783] [exthost] [error] {"message":"Git error","stdout":"","stderr":"fatal: Pathspec '/root/criu/.github' is in submodule 'criu'\n","exitCode":128,"gitErrorCode":"IsInSubmodule"}
[2020-12-09 05:47:31.783] [exthost] [error] {"message":"Git error","stdout":"","stderr":"fatal: Pathspec '/root/criu/.github' is in submodule 'criu'\n","exitCode":128,"gitErrorCode":"IsInSubmodule"}
[2020-12-09 05:47:31.783] [exthost] [error] {"message":"Git error","stdout":"","stderr":"fatal: Pathspec '/root/criu/.github' is in submodule 'criu'\n","exitCode":128,"gitErrorCode":"IsInSubmodule"}
[2020-12-09 05:47:31.783] [exthost] [error] {"message":"Git error","stdout":"","stderr":"fatal: Pathspec '/root/criu/.github' is in submodule 'criu'\n","exitCode":128,"gitErrorCode":"IsInSubmodule"}
[2020-12-09 05:47:31.783] [exthost] [error] {"message":"Git error","stdout":"","stderr":"fatal: Pathspec '/root/criu/.github' is in submodule 'criu'\n","exitCode":128,"gitErrorCode":"IsInSubmodule"}
[2020-12-09 05:47:31.783] [exthost] [error] {"message":"Git error","stdout":"","stderr":"fatal: Pathspec '/root/criu/.github' is in submodule 'criu'\n","exitCode":128,"gitErrorCode":"IsInSubmodule"}
[2020-12-09 05:47:31.783] [exthost] [error] {"message":"Git error","stdout":"","stderr":"fatal: Pathspec '/root/criu/.github' is in submodule 'criu'\n","exitCode":128,"gitErrorCode":"IsInSubmodule"}
[2020-12-09 05:47:31.783] [exthost] [error] {"message":"Git error","stdout":"","stderr":"fatal: Pathspec '/root/criu/.github' is in submodule 'criu'\n","exitCode":128,"gitErrorCode":"IsInSubmodule"}
[2020-12-09 05:47:31.783] [exthost] [error] {"message":"Git error","stdout":"","stderr":"fatal: Pathspec '/root/criu/.github' is in submodule 'criu'\n","exitCode":128,"gitErrorCode":"IsInSubmodule"}
[2020-12-09 05:47:31.783] [exthost] [error] {"message":"Git error","stdout":"","stderr":"fatal: Pathspec '/root/criu/.github' is in submodule 'criu'\n","exitCode":128,"gitErrorCode":"IsInSubmodule"}
[2020-12-09 05:47:31.783] [exthost] [error] {"message":"Git error","stdout":"","stderr":"fatal: Pathspec '/root/criu/.github' is in submodule 'criu'\n","exitCode":128,"gitErrorCode":"IsInSubmodule"}
[2020-12-09 05:47:31.783] [exthost] [error] {"message":"Git error","stdout":"","stderr":"fatal: Pathspec '/root/criu/.github' is in submodule 'criu'\n","exitCode":128,"gitErrorCode":"IsInSubmodule"}
[2020-12-09 05:47:31.783] [exthost] [error] {"message":"Git error","stdout":"","stderr":"fatal: Pathspec '/root/criu/.github' is in submodule 'criu'\n","exitCode":128,"gitErrorCode":"IsInSubmodule"}
[2020-12-09 05:47:31.783] [exthost] [error] {"message":"Git error","stdout":"","stderr":"fatal: Pathspec '/root/criu/.github' is in submodule 'criu'\n","exitCode":128,"gitErrorCode":"IsInSubmodule"}
[2020-12-09 05:47:31.783] [exthost] [error] {"message":"Git error","stdout":"","stderr":"fatal: Pathspec '/root/criu/.github' is in submodule 'criu'\n","exitCode":128,"gitErrorCode":"IsInSubmodule"}
[2020-12-09 05:47:31.783] [exthost] [error] {"message":"Git error","stdout":"","stderr":"fatal: Pathspec '/root/criu/.github' is in submodule 'criu'\n","exitCode":128,"gitErrorCode":"IsInSubmodule"}
[2020-12-09 05:47:31.783] [exthost] [error] {"message":"Git error","stdout":"","stderr":"fatal: Pathspec '/root/criu/.github' is in submodule 'criu'\n","exitCode":128,"gitErrorCode":"IsInSubmodule"}
[2020-12-09 05:47:31.783] [exthost] [error] {"message":"Git error","stdout":"","stderr":"fatal: Pathspec '/root/criu/.github' is in submodule 'criu'\n","exitCode":128,"gitErrorCode":"IsInSubmodule"}
[2020-12-09 05:47:31.783] [exthost] [error] {"message":"Git error","stdout":"","stderr":"fatal: Pathspec '/root/criu/.github' is in submodule 'criu'\n","exitCode":128,"gitErrorCode":"IsInSubmodule"}
[2020-12-09 05:47:31.783] [exthost] [error] {"message":"Git error","stdout":"","stderr":"fatal: Pathspec '/root/criu/.github' is in submodule 'criu'\n","exitCode":128,"gitErrorCode":"IsInSubmodule"}
[2020-12-09 05:47:31.783] [exthost] [error] {"message":"Git error","stdout":"","stderr":"fatal: Pathspec '/root/criu/.github' is in submodule 'criu'\n","exitCode":128,"gitErrorCode":"IsInSubmodule"}
[2020-12-09 05:47:31.783] [exthost] [error] {"message":"Git error","stdout":"","stderr":"fatal: Pathspec '/root/criu/.github' is in submodule 'criu'\n","exitCode":128,"gitErrorCode":"IsInSubmodule"}
[2020-12-09 05:47:31.783] [exthost] [error] {"message":"Git error","stdout":"","stderr":"fatal: Pathspec '/root/criu/.github' is in submodule 'criu'\n","exitCode":128,"gitErrorCode":"IsInSubmodule"}
[2020-12-09 05:47:31.783] [exthost] [error] {"message":"Git error","stdout":"","stderr":"fatal: Pathspec '/root/criu/.github' is in submodule 'criu'\n","exitCode":128,"gitErrorCode":"IsInSubmodule"}
[2020-12-09 05:47:31.783] [exthost] [error] {"message":"Git error","stdout":"","stderr":"fatal: Pathspec '/root/criu/.github' is in submodule 'criu'\n","exitCode":128,"gitErrorCode":"IsInSubmodule"}
