Looking for git in: git
Using git 2.7.4 from git
> git rev-parse --git-dir
Open repository: /root/criu
> git status -z -u
> git symbolic-ref --short HEAD
> git rev-parse criu-dev
> git rev-parse --symbolic-full-name criu-dev@{u}
> git rev-list --left-right criu-dev...refs/remotes/origin/criu-dev
> git for-each-ref --sort -committerdate --format %(refname) %(objectname)
> git remote --verbose
Warning: Failed to watch ref '/root/criu/.git/refs/remotes/origin/criu-dev', is most likely packed.
> git config --get commit.template
> git check-ignore -v -z --stdin
> git rev-parse --git-dir
Open repository: /root/honey_patched/openssl
> git status -z -u
> git symbolic-ref --short HEAD
> git rev-parse master
fatal: ambiguous argument 'master': unknown revision or path not in the working tree.
Use '--' to separate paths from revisions, like this:
'git <command> [<revision>...] -- [<file>...]'
> git for-each-ref --sort -committerdate --format %(refname) %(objectname)
> git remote --verbose
> git config --get commit.template
> git status -z -u
> git symbolic-ref --short HEAD
> git rev-parse master
> git rev-parse --symbolic-full-name master@{u}
> git rev-list --left-right master...refs/remotes/origin/master
> git for-each-ref --sort -committerdate --format %(refname) %(objectname)
> git remote --verbose
Warning: Failed to watch ref '/root/honey_patched/openssl/.git/refs/remotes/origin/master', is most likely packed.
> git config --get commit.template
> git status -z -u
> git symbolic-ref --short HEAD
> git rev-parse master
> git rev-parse --symbolic-full-name master@{u}
> git rev-list --left-right master...refs/remotes/origin/master
> git for-each-ref --sort -committerdate --format %(refname) %(objectname)
> git remote --verbose
Warning: Failed to watch ref '/root/honey_patched/openssl/.git/refs/remotes/origin/master', is most likely packed.
> git config --get commit.template
> git check-ignore -v -z --stdin
> git check-ignore -v -z --stdin
> git check-ignore -v -z --stdin
> git check-ignore -v -z --stdin
> git check-ignore -v -z --stdin
> git show --textconv :apps/s_server.c
> git ls-files --stage -- /root/honey_patched/openssl/apps/s_server.c
> git cat-file -s 24dffeab016cc58d356a5fe913f8ee526ec3424d
> git check-ignore -v -z --stdin
> git show --textconv :apps/s_time.c
> git ls-files --stage -- /root/honey_patched/openssl/apps/s_time.c
> git cat-file -s 3730ca540a23b3b1f02333b12343a9f51da3e9f7
> git show --textconv :apps/s_server.c
> git ls-files --stage -- /root/honey_patched/openssl/apps/s_server.c
> git cat-file -s 24dffeab016cc58d356a5fe913f8ee526ec3424d
> git log --format=%H%n%aN%n%aE%n%at%n%ct%n%P%n%B -z -n21 -- /root/honey_patched/openssl/apps/s_server.c
> git log --format=%H%n%aN%n%aE%n%at%n%ct%n%P%n%B -z -n41 -- /root/honey_patched/openssl/apps/s_server.c
