[2020-12-07 00:34:08.994] [exthost] [info] extension host started
[2020-12-07 00:34:09.136] [exthost] [info] ExtensionService#_doActivateExtension vscode.debug-auto-launch {"startup":true,"extensionId":{"value":"vscode.debug-auto-launch","_lower":"vscode.debug-auto-launch"},"activationEvent":"*"}
[2020-12-07 00:34:09.137] [exthost] [info] ExtensionService#loadCommonJSModule file:///root/.vscode-server/bin/e5a624b788d92b8d34d1392e4c4d9789406efe8f/extensions/debug-auto-launch/dist/extension
[2020-12-07 00:34:09.180] [exthost] [info] ExtensionService#_doActivateExtension vscode.emmet {"startup":true,"extensionId":{"value":"vscode.emmet","_lower":"vscode.emmet"},"activationEvent":"*"}
[2020-12-07 00:34:09.181] [exthost] [info] ExtensionService#loadCommonJSModule file:///root/.vscode-server/bin/e5a624b788d92b8d34d1392e4c4d9789406efe8f/extensions/emmet/dist/node/emmetNodeMain
[2020-12-07 00:34:09.300] [exthost] [info] ExtensionService#_doActivateExtension vscode.git {"startup":true,"extensionId":{"value":"vscode.github","_lower":"vscode.github"},"activationEvent":"*"}
[2020-12-07 00:34:09.302] [exthost] [info] ExtensionService#loadCommonJSModule file:///root/.vscode-server/bin/e5a624b788d92b8d34d1392e4c4d9789406efe8f/extensions/git/dist/main
[2020-12-07 00:34:09.471] [exthost] [info] ExtensionService#_doActivateExtension vscode.merge-conflict {"startup":true,"extensionId":{"value":"vscode.merge-conflict","_lower":"vscode.merge-conflict"},"activationEvent":"*"}
[2020-12-07 00:34:09.473] [exthost] [info] ExtensionService#loadCommonJSModule file:///root/.vscode-server/bin/e5a624b788d92b8d34d1392e4c4d9789406efe8f/extensions/merge-conflict/dist/mergeConflictMain
[2020-12-07 00:34:09.480] [exthost] [info] ExtensionService#_doActivateExtension vscode.search-result {"startup":true,"extensionId":{"value":"vscode.search-result","_lower":"vscode.search-result"},"activationEvent":"*"}
[2020-12-07 00:34:09.481] [exthost] [info] ExtensionService#loadCommonJSModule file:///root/.vscode-server/bin/e5a624b788d92b8d34d1392e4c4d9789406efe8f/extensions/search-result/dist/extension.js
[2020-12-07 00:34:10.405] [exthost] [info] ExtensionService#_doActivateExtension vscode.github {"startup":true,"extensionId":{"value":"vscode.github","_lower":"vscode.github"},"activationEvent":"*"}
[2020-12-07 00:34:10.406] [exthost] [info] ExtensionService#loadCommonJSModule file:///root/.vscode-server/bin/e5a624b788d92b8d34d1392e4c4d9789406efe8f/extensions/github/dist/extension.js
[2020-12-07 00:34:10.536] [exthost] [info] eager extensions activated
[2020-12-07 00:34:10.559] [exthost] [info] ExtensionService#_doActivateExtension ms-vscode.js-debug {"startup":false,"extensionId":{"value":"ms-vscode.js-debug","_lower":"ms-vscode.js-debug"},"activationEvent":"onCommand:extension.js-debug.clearAutoAttachVariables"}
[2020-12-07 00:34:10.563] [exthost] [info] ExtensionService#loadCommonJSModule file:///root/.vscode-server/bin/e5a624b788d92b8d34d1392e4c4d9789406efe8f/extensions/ms-vscode.js-debug/src/extension.js
[2020-12-07 00:43:06.358] [exthost] [info] ExtensionService#_doActivateExtension ms-azuretools.vscode-docker {"startup":false,"extensionId":{"value":"ms-azuretools.vscode-docker","_lower":"ms-azuretools.vscode-docker"},"activationEvent":"onView:dockerContainers"}
[2020-12-07 00:43:06.359] [exthost] [info] ExtensionService#loadCommonJSModule file:///root/.vscode-server/extensions/ms-azuretools.vscode-docker-1.8.1/main
[2020-12-07 02:24:31.784] [exthost] [info] ExtensionService#_doActivateExtension ms-vscode.cpptools {"startup":false,"extensionId":{"value":"ms-vscode.cpptools","_lower":"ms-vscode.cpptools"},"activationEvent":"*"}
[2020-12-07 02:24:31.784] [exthost] [info] ExtensionService#loadCommonJSModule file:///root/.vscode-server/extensions/ms-vscode.cpptools-1.1.3/dist/main
[2020-12-07 02:28:48.525] [exthost] [error] [ms-vscode.cpptools] provider FAILED
[2020-12-07 02:28:48.525] [exthost] [error] undefined
[2020-12-07 02:29:43.951] [exthost] [error] [ms-vscode.cpptools] provider FAILED
[2020-12-07 02:29:43.951] [exthost] [error] undefined
[2020-12-07 02:29:46.001] [exthost] [error] [ms-vscode.cpptools] provider FAILED
[2020-12-07 02:29:46.001] [exthost] [error] undefined
[2020-12-07 02:40:54.891] [exthost] [error] [ms-vscode.cpptools] provider FAILED
[2020-12-07 02:40:54.891] [exthost] [error] undefined
[2020-12-07 02:41:00.099] [exthost] [error] [ms-vscode.cpptools] provider FAILED
[2020-12-07 02:41:00.099] [exthost] [error] undefined
[2020-12-07 02:41:22.095] [exthost] [error] [ms-vscode.cpptools] provider FAILED
[2020-12-07 02:41:22.095] [exthost] [error] undefined
[2020-12-07 02:48:16.043] [exthost] [error] [ms-vscode.cpptools] provider FAILED
[2020-12-07 02:48:16.043] [exthost] [error] undefined
[2020-12-07 02:49:08.463] [exthost] [error] [ms-vscode.cpptools] provider FAILED
[2020-12-07 02:49:08.463] [exthost] [error] undefined
[2020-12-07 02:49:12.816] [exthost] [error] [ms-vscode.cpptools] provider FAILED
[2020-12-07 02:49:12.816] [exthost] [error] undefined
[2020-12-07 02:49:19.710] [exthost] [error] [ms-vscode.cpptools] provider FAILED
[2020-12-07 02:49:19.711] [exthost] [error] undefined
[2020-12-07 02:49:21.183] [exthost] [error] [ms-vscode.cpptools] provider FAILED
[2020-12-07 02:49:21.183] [exthost] [error] undefined
[2020-12-07 03:12:15.324] [exthost] [error] [ms-vscode.cpptools] provider FAILED
[2020-12-07 03:12:15.324] [exthost] [error] undefined
[2020-12-07 03:12:38.889] [exthost] [error] [ms-vscode.cpptools] provider FAILED
[2020-12-07 03:12:38.889] [exthost] [error] undefined
[2020-12-07 03:12:56.968] [exthost] [error] [ms-vscode.cpptools] provider FAILED
[2020-12-07 03:12:56.968] [exthost] [error] undefined
[2020-12-07 03:13:12.520] [exthost] [error] [ms-vscode.cpptools] provider FAILED
[2020-12-07 03:13:12.521] [exthost] [error] undefined
[2020-12-07 03:13:27.250] [exthost] [error] [ms-vscode.cpptools] provider FAILED
[2020-12-07 03:13:27.250] [exthost] [error] undefined
[2020-12-07 03:13:37.330] [exthost] [error] [ms-vscode.cpptools] provider FAILED
[2020-12-07 03:13:37.330] [exthost] [error] undefined
[2020-12-07 03:25:47.301] [exthost] [error] [ms-vscode.cpptools] provider FAILED
[2020-12-07 03:25:47.301] [exthost] [error] undefined
[2020-12-07 03:25:57.766] [exthost] [error] [ms-vscode.cpptools] provider FAILED
[2020-12-07 03:25:57.766] [exthost] [error] undefined
[2020-12-07 03:34:19.008] [exthost] [error] [ms-vscode.cpptools] provider FAILED
[2020-12-07 03:34:19.014] [exthost] [error] undefined
[2020-12-07 03:34:22.291] [exthost] [error] [ms-vscode.cpptools] provider FAILED
[2020-12-07 03:34:22.291] [exthost] [error] undefined
